<?xml version="1.0" encoding="UTF-8"?>
<!-- Generated by org.testng.reporters.JUnitXMLReporter -->
<testsuite ignored="0" hostname="VINUPC" failures="0" tests="5" name="Test" time="19.407" errors="0" timestamp="2025-04-18T12:41:41 IST">
  <testcase classname="SauceDemo.SauceDemo.HomepageVerificationTest" name="LoginTest" time="1.106"/>
  <testcase classname="SauceDemo.SauceDemo.HomepageVerificationTest" name="LoginTest" time="0.714"/>
  <testcase classname="SauceDemo.SauceDemo.ProductFilterTest" name="ProductFilter" time="1.137"/>
  <testcase classname="SauceDemo.SauceDemo.AddCart" name="AddToCart" time="1.523"/>
  <testcase classname="SauceDemo.SauceDemo.CheckOutProcessTest" name="OrderComplete" time="2.682"/>
</testsuite> <!-- Test -->
