<?xml version="1.0" encoding="UTF-8"?>
<testng-results ignored="0" total="5" passed="5" failed="0" skipped="0">
  <reporter-output>
  </reporter-output>
  <suite started-at="2025-04-18T12:41:21 IST" name="Suite" finished-at="2025-04-18T12:41:41 IST" duration-ms="19407">
    <groups>
    </groups>
    <test started-at="2025-04-18T12:41:21 IST" name="Test" finished-at="2025-04-18T12:41:41 IST" duration-ms="19407">
      <class name="SauceDemo.SauceDemo.CheckOutProcessTest">
        <test-method is-config="true" signature="initiateReport()[pri:0, instance:SauceDemo.SauceDemo.CheckOutProcessTest@52b1beb6]" started-at="2025-04-18T12:41:22 IST" name="initiateReport" finished-at="2025-04-18T12:41:22 IST" duration-ms="0" status="PASS">
          <reporter-output>
          </reporter-output>
        </test-method> <!-- initiateReport -->
        <test-method is-config="true" signature="SetUp()[pri:0, instance:SauceDemo.SauceDemo.CheckOutProcessTest@52b1beb6]" started-at="2025-04-18T12:41:36 IST" name="SetUp" finished-at="2025-04-18T12:41:37 IST" duration-ms="1704" status="PASS">
          <reporter-output>
          </reporter-output>
        </test-method> <!-- SetUp -->
        <test-method signature="OrderComplete(java.lang.String)[pri:0, instance:SauceDemo.SauceDemo.CheckOutProcessTest@52b1beb6]" started-at="2025-04-18T12:41:37 IST" name="OrderComplete" data-provider="loginDataProvider" finished-at="2025-04-18T12:41:40 IST" duration-ms="2682" status="PASS">
          <params>
            <param index="0">
              <value>
                <![CDATA[Sauce Labs Onesie]]>
              </value>
            </param>
          </params>
          <reporter-output>
          </reporter-output>
        </test-method> <!-- OrderComplete -->
        <test-method is-config="true" signature="TearDown()[pri:0, instance:SauceDemo.SauceDemo.CheckOutProcessTest@52b1beb6]" started-at="2025-04-18T12:41:40 IST" name="TearDown" finished-at="2025-04-18T12:41:40 IST" duration-ms="138" status="PASS">
          <reporter-output>
          </reporter-output>
        </test-method> <!-- TearDown -->
        <test-method is-config="true" signature="closeReport()[pri:0, instance:SauceDemo.SauceDemo.CheckOutProcessTest@52b1beb6]" started-at="2025-04-18T12:41:41 IST" name="closeReport" finished-at="2025-04-18T12:41:41 IST" duration-ms="19" status="PASS">
          <reporter-output>
          </reporter-output>
        </test-method> <!-- closeReport -->
      </class> <!-- SauceDemo.SauceDemo.CheckOutProcessTest -->
      <class name="SauceDemo.SauceDemo.ProductFilterTest">
        <test-method is-config="true" signature="initiateReport()[pri:0, instance:SauceDemo.SauceDemo.ProductFilterTest@54e1c68b]" started-at="2025-04-18T12:41:22 IST" name="initiateReport" finished-at="2025-04-18T12:41:22 IST" duration-ms="0" status="PASS">
          <reporter-output>
          </reporter-output>
        </test-method> <!-- initiateReport -->
        <test-method is-config="true" signature="SetUp()[pri:0, instance:SauceDemo.SauceDemo.ProductFilterTest@54e1c68b]" started-at="2025-04-18T12:41:29 IST" name="SetUp" finished-at="2025-04-18T12:41:31 IST" duration-ms="1594" status="PASS">
          <reporter-output>
          </reporter-output>
        </test-method> <!-- SetUp -->
        <test-method signature="ProductFilter()[pri:0, instance:SauceDemo.SauceDemo.ProductFilterTest@54e1c68b]" started-at="2025-04-18T12:41:31 IST" name="ProductFilter" finished-at="2025-04-18T12:41:32 IST" duration-ms="1137" status="PASS">
          <reporter-output>
          </reporter-output>
        </test-method> <!-- ProductFilter -->
        <test-method is-config="true" signature="TearDown()[pri:0, instance:SauceDemo.SauceDemo.ProductFilterTest@54e1c68b]" started-at="2025-04-18T12:41:32 IST" name="TearDown" finished-at="2025-04-18T12:41:32 IST" duration-ms="143" status="PASS">
          <reporter-output>
          </reporter-output>
        </test-method> <!-- TearDown -->
        <test-method is-config="true" signature="closeReport()[pri:0, instance:SauceDemo.SauceDemo.ProductFilterTest@54e1c68b]" started-at="2025-04-18T12:41:41 IST" name="closeReport" finished-at="2025-04-18T12:41:41 IST" duration-ms="17" status="PASS">
          <reporter-output>
          </reporter-output>
        </test-method> <!-- closeReport -->
      </class> <!-- SauceDemo.SauceDemo.ProductFilterTest -->
      <class name="SauceDemo.SauceDemo.HomepageVerificationTest">
        <test-method is-config="true" signature="initiateReport()[pri:0, instance:SauceDemo.SauceDemo.HomepageVerificationTest@59505b48]" started-at="2025-04-18T12:41:22 IST" name="initiateReport" finished-at="2025-04-18T12:41:22 IST" duration-ms="0" status="PASS">
          <reporter-output>
          </reporter-output>
        </test-method> <!-- initiateReport -->
        <test-method is-config="true" signature="SetUp()[pri:0, instance:SauceDemo.SauceDemo.HomepageVerificationTest@59505b48]" started-at="2025-04-18T12:41:22 IST" name="SetUp" finished-at="2025-04-18T12:41:26 IST" duration-ms="3438" status="PASS">
          <reporter-output>
          </reporter-output>
        </test-method> <!-- SetUp -->
        <test-method signature="LoginTest(java.lang.String,java.lang.String)[pri:0, instance:SauceDemo.SauceDemo.HomepageVerificationTest@59505b48]" started-at="2025-04-18T12:41:26 IST" name="LoginTest" data-provider="loginDataProvider" finished-at="2025-04-18T12:41:27 IST" duration-ms="1106" status="PASS">
          <params>
            <param index="0">
              <value>
                <![CDATA[standard_user]]>
              </value>
            </param>
            <param index="1">
              <value>
                <![CDATA[secret_sauce]]>
              </value>
            </param>
          </params>
          <reporter-output>
          </reporter-output>
        </test-method> <!-- LoginTest -->
        <test-method is-config="true" signature="TearDown()[pri:0, instance:SauceDemo.SauceDemo.HomepageVerificationTest@59505b48]" started-at="2025-04-18T12:41:27 IST" name="TearDown" finished-at="2025-04-18T12:41:27 IST" duration-ms="127" status="PASS">
          <reporter-output>
          </reporter-output>
        </test-method> <!-- TearDown -->
        <test-method is-config="true" signature="SetUp()[pri:0, instance:SauceDemo.SauceDemo.HomepageVerificationTest@59505b48]" started-at="2025-04-18T12:41:27 IST" name="SetUp" finished-at="2025-04-18T12:41:29 IST" duration-ms="1692" status="PASS">
          <reporter-output>
          </reporter-output>
        </test-method> <!-- SetUp -->
        <test-method signature="LoginTest(java.lang.String,java.lang.String)[pri:0, instance:SauceDemo.SauceDemo.HomepageVerificationTest@59505b48]" started-at="2025-04-18T12:41:29 IST" name="LoginTest" data-provider="loginDataProvider" finished-at="2025-04-18T12:41:29 IST" duration-ms="714" status="PASS">
          <params>
            <param index="0">
              <value>
                <![CDATA[locked_out_user]]>
              </value>
            </param>
            <param index="1">
              <value>
                <![CDATA[secret_sauce]]>
              </value>
            </param>
          </params>
          <reporter-output>
          </reporter-output>
        </test-method> <!-- LoginTest -->
        <test-method is-config="true" signature="TearDown()[pri:0, instance:SauceDemo.SauceDemo.HomepageVerificationTest@59505b48]" started-at="2025-04-18T12:41:29 IST" name="TearDown" finished-at="2025-04-18T12:41:29 IST" duration-ms="110" status="PASS">
          <reporter-output>
          </reporter-output>
        </test-method> <!-- TearDown -->
        <test-method is-config="true" signature="tearDownReport()[pri:0, instance:SauceDemo.SauceDemo.HomepageVerificationTest@59505b48]" started-at="2025-04-18T12:41:41 IST" name="tearDownReport" finished-at="2025-04-18T12:41:41 IST" duration-ms="13" status="PASS">
          <reporter-output>
          </reporter-output>
        </test-method> <!-- tearDownReport -->
      </class> <!-- SauceDemo.SauceDemo.HomepageVerificationTest -->
      <class name="SauceDemo.SauceDemo.AddCart">
        <test-method is-config="true" signature="initiateReport()[pri:0, instance:SauceDemo.SauceDemo.AddCart@53aac487]" started-at="2025-04-18T12:41:21 IST" name="initiateReport" finished-at="2025-04-18T12:41:22 IST" duration-ms="277" status="PASS">
          <reporter-output>
          </reporter-output>
        </test-method> <!-- initiateReport -->
        <test-method is-config="true" signature="SetUp()[pri:0, instance:SauceDemo.SauceDemo.AddCart@53aac487]" started-at="2025-04-18T12:41:32 IST" name="SetUp" finished-at="2025-04-18T12:41:34 IST" duration-ms="1665" status="PASS">
          <reporter-output>
          </reporter-output>
        </test-method> <!-- SetUp -->
        <test-method signature="AddToCart(java.lang.String)[pri:0, instance:SauceDemo.SauceDemo.AddCart@53aac487]" started-at="2025-04-18T12:41:34 IST" name="AddToCart" data-provider="loginDataProvider" finished-at="2025-04-18T12:41:36 IST" duration-ms="1523" status="PASS">
          <params>
            <param index="0">
              <value>
                <![CDATA[Sauce Labs Onesie]]>
              </value>
            </param>
          </params>
          <reporter-output>
          </reporter-output>
        </test-method> <!-- AddToCart -->
        <test-method is-config="true" signature="TearDown()[pri:0, instance:SauceDemo.SauceDemo.AddCart@53aac487]" started-at="2025-04-18T12:41:36 IST" name="TearDown" finished-at="2025-04-18T12:41:36 IST" duration-ms="128" status="PASS">
          <reporter-output>
          </reporter-output>
        </test-method> <!-- TearDown -->
        <test-method is-config="true" signature="closeReport()[pri:0, instance:SauceDemo.SauceDemo.AddCart@53aac487]" started-at="2025-04-18T12:41:40 IST" name="closeReport" finished-at="2025-04-18T12:41:41 IST" duration-ms="339" status="PASS">
          <reporter-output>
          </reporter-output>
        </test-method> <!-- closeReport -->
      </class> <!-- SauceDemo.SauceDemo.AddCart -->
    </test> <!-- Test -->
  </suite> <!-- Suite -->
</testng-results>
